0 info it worked if it ends with ok
1 verbose cli [ 'D:\\Program Files\\nodejs\\\\node.exe',
1 verbose cli   'D:\\Program Files\\nodejs\\node_modules\\npm\\bin\\npm-cli.js',
1 verbose cli   'install' ]
2 info using npm@1.4.28
3 info using node@v0.10.33
4 verbose node symlink D:\Program Files\nodejs\\node.exe
5 verbose readDependencies using package.json deps
6 verbose install where, deps [ 'D:\\Program Files\\nodejs\\microblog-master',
6 verbose install   [ 'body-parser',
6 verbose install     'cookie-parser',
6 verbose install     'debug',
6 verbose install     'ejs',
6 verbose install     'express',
6 verbose install     'method-override',
6 verbose install     'mongodb',
6 verbose install     'morgan',
6 verbose install     'serve-favicon',
6 verbose install     'express-session',
6 verbose install     'connect-mongo',
6 verbose install     'connect-flash' ] ]
7 info preinstall microblog@0.0.0
8 verbose readDependencies using package.json deps
9 verbose already installed skipping body-parser@~1.8.1 D:\Program Files\nodejs\microblog-master
10 verbose already installed skipping cookie-parser@~1.3.3 D:\Program Files\nodejs\microblog-master
11 verbose already installed skipping debug@~2.0.0 D:\Program Files\nodejs\microblog-master
12 verbose already installed skipping ejs@~0.8.5 D:\Program Files\nodejs\microblog-master
13 verbose already installed skipping express@~4.9.0 D:\Program Files\nodejs\microblog-master
14 verbose already installed skipping method-override@* D:\Program Files\nodejs\microblog-master
15 verbose cache add [ 'mongodb@3.0', null ]
16 verbose cache add name=undefined spec="mongodb@3.0" args=["mongodb@3.0",null]
17 verbose parsed url { protocol: null,
17 verbose parsed url   slashes: null,
17 verbose parsed url   auth: null,
17 verbose parsed url   host: null,
17 verbose parsed url   port: null,
17 verbose parsed url   hostname: null,
17 verbose parsed url   hash: null,
17 verbose parsed url   search: null,
17 verbose parsed url   query: null,
17 verbose parsed url   pathname: 'mongodb@3.0',
17 verbose parsed url   path: 'mongodb@3.0',
17 verbose parsed url   href: 'mongodb@3.0' }
18 verbose already installed skipping morgan@~1.3.0 D:\Program Files\nodejs\microblog-master
19 verbose already installed skipping serve-favicon@~2.1.3 D:\Program Files\nodejs\microblog-master
20 verbose already installed skipping express-session@* D:\Program Files\nodejs\microblog-master
21 verbose already installed skipping connect-mongo@* D:\Program Files\nodejs\microblog-master
22 verbose already installed skipping connect-flash@* D:\Program Files\nodejs\microblog-master
23 verbose cache add name="mongodb" spec="3.0" args=["mongodb","3.0"]
24 verbose parsed url { protocol: null,
24 verbose parsed url   slashes: null,
24 verbose parsed url   auth: null,
24 verbose parsed url   host: null,
24 verbose parsed url   port: null,
24 verbose parsed url   hostname: null,
24 verbose parsed url   hash: null,
24 verbose parsed url   search: null,
24 verbose parsed url   query: null,
24 verbose parsed url   pathname: '3.0',
24 verbose parsed url   path: '3.0',
24 verbose parsed url   href: '3.0' }
25 verbose addNamed [ 'mongodb', '3.0' ]
26 verbose addNamed [ null, '>=3.0.0-0 <3.1.0-0' ]
27 silly lockFile 4cab180a-mongodb-3-0 mongodb@3.0
28 verbose lock mongodb@3.0 C:\Users\Administrator.WIN-EIVBUTL5ROJ\AppData\Roaming\npm-cache\4cab180a-mongodb-3-0.lock
29 silly addNameRange { name: 'mongodb', range: '>=3.0.0-0 <3.1.0-0', hasData: false }
30 verbose request where is /mongodb
31 verbose request registry https://registry.npmjs.org/
32 verbose request id 1e27f7479f59b0d7
33 verbose url raw /mongodb
34 verbose url resolving [ 'https://registry.npmjs.org/', './mongodb' ]
35 verbose url resolved https://registry.npmjs.org/mongodb
36 verbose request where is https://registry.npmjs.org/mongodb
37 info trying registry request attempt 1 at 08:45:45
38 verbose etag "6KE3YAORYO869GB10G7QVW0JP"
39 http GET https://registry.npmjs.org/mongodb
40 http 304 https://registry.npmjs.org/mongodb
41 silly registry.get cb [ 304,
41 silly registry.get   { date: 'Mon, 25 May 2015 00:45:47 GMT',
41 silly registry.get     via: '1.1 varnish',
41 silly registry.get     'cache-control': 'max-age=60',
41 silly registry.get     etag: '"6KE3YAORYO869GB10G7QVW0JP"',
41 silly registry.get     age: '0',
41 silly registry.get     connection: 'keep-alive',
41 silly registry.get     'x-served-by': 'cache-nrt6135-NRT',
41 silly registry.get     'x-cache': 'HIT',
41 silly registry.get     'x-cache-hits': '1',
41 silly registry.get     'x-timer': 'S1432514747.477232,VS0,VE742',
41 silly registry.get     vary: 'Accept' } ]
42 verbose etag https://registry.npmjs.org/mongodb from cache
43 silly addNameRange number 2 { name: 'mongodb', range: '>=3.0.0-0 <3.1.0-0', hasData: true }
44 silly addNameRange versions [ 'mongodb',
44 silly addNameRange   [ '0.9.4',
44 silly addNameRange     '0.9.4-4',
44 silly addNameRange     '0.9.3',
44 silly addNameRange     '0.9.1',
44 silly addNameRange     '0.9.2',
44 silly addNameRange     '0.9.6-7',
44 silly addNameRange     '0.9.6-8',
44 silly addNameRange     '0.9.6-9',
44 silly addNameRange     '0.9.6-10',
44 silly addNameRange     '0.9.6-11',
44 silly addNameRange     '0.9.6-12',
44 silly addNameRange     '0.9.6-13',
44 silly addNameRange     '0.9.6-14',
44 silly addNameRange     '0.9.6-15',
44 silly addNameRange     '0.9.6-16',
44 silly addNameRange     '0.9.6-17',
44 silly addNameRange     '0.9.6-18',
44 silly addNameRange     '0.9.6-19',
44 silly addNameRange     '0.9.6-20',
44 silly addNameRange     '0.9.6-21',
44 silly addNameRange     '0.9.6-22',
44 silly addNameRange     '0.9.6-23',
44 silly addNameRange     '0.9.7',
44 silly addNameRange     '0.9.7-0',
44 silly addNameRange     '0.9.7-1',
44 silly addNameRange     '0.9.7-1.1',
44 silly addNameRange     '0.9.7-1.2',
44 silly addNameRange     '0.9.7-1.3',
44 silly addNameRange     '0.9.7-1.4',
44 silly addNameRange     '0.9.7-2',
44 silly addNameRange     '0.9.7-2-1',
44 silly addNameRange     '0.9.7-2-2',
44 silly addNameRange     '0.9.7-2-3',
44 silly addNameRange     '0.9.7-2-4',
44 silly addNameRange     '0.9.7-2-5',
44 silly addNameRange     '0.9.7-3',
44 silly addNameRange     '0.9.7-3-1',
44 silly addNameRange     '0.9.7-3-2',
44 silly addNameRange     '0.9.7-3-3',
44 silly addNameRange     '0.9.7-3-4',
44 silly addNameRange     '0.9.7-3-5',
44 silly addNameRange     '0.9.8',
44 silly addNameRange     '0.9.8-1',
44 silly addNameRange     '0.9.8-2',
44 silly addNameRange     '0.9.8-3',
44 silly addNameRange     '0.9.8-4',
44 silly addNameRange     '0.9.8-5',
44 silly addNameRange     '0.9.8-6',
44 silly addNameRange     '0.9.8-7',
44 silly addNameRange     '0.9.9',
44 silly addNameRange     '0.9.9-1',
44 silly addNameRange     '0.9.9-2',
44 silly addNameRange     '0.9.9-3',
44 silly addNameRange     '0.9.9-4',
44 silly addNameRange     '0.9.9-5',
44 silly addNameRange     '0.9.9-6',
44 silly addNameRange     '0.9.9-7',
44 silly addNameRange     '0.9.9-8',
44 silly addNameRange     '1.0.0',
44 silly addNameRange     '1.0.1',
44 silly addNameRange     '1.0.2',
44 silly addNameRange     '1.1.0-beta',
44 silly addNameRange     '1.1.0',
44 silly addNameRange     '1.1.1',
44 silly addNameRange     '1.1.2',
44 silly addNameRange     '1.1.3',
44 silly addNameRange     '1.1.4',
44 silly addNameRange     '1.1.5',
44 silly addNameRange     '1.1.6',
44 silly addNameRange     '1.1.7',
44 silly addNameRange     '1.1.8',
44 silly addNameRange     '1.1.9',
44 silly addNameRange     '1.1.10',
44 silly addNameRange     '1.1.11',
44 silly addNameRange     '1.2.0',
44 silly addNameRange     '1.2.1',
44 silly addNameRange     '1.2.2',
44 silly addNameRange     '1.2.3',
44 silly addNameRange     '1.2.4',
44 silly addNameRange     '1.2.5',
44 silly addNameRange     '1.2.6',
44 silly addNameRange     '1.2.7',
44 silly addNameRange     '1.2.8',
44 silly addNameRange     '1.2.9',
44 silly addNameRange     '1.2.10',
44 silly addNameRange     '1.2.11',
44 silly addNameRange     '1.2.12',
44 silly addNameRange     '1.2.13',
44 silly addNameRange     '1.2.14',
44 silly addNameRange     '1.3.0',
44 silly addNameRange     '1.3.1',
44 silly addNameRange     '1.3.2',
44 silly addNameRange     '1.3.3',
44 silly addNameRange     '1.3.4',
44 silly addNameRange     '1.3.5',
44 silly addNameRange     '1.3.6',
44 silly addNameRange     '1.3.7',
44 silly addNameRange     '1.3.8',
44 silly addNameRange     '1.3.9',
44 silly addNameRange     '1.3.10',
44 silly addNameRange     '1.3.11',
44 silly addNameRange     '1.3.12',
44 silly addNameRange     '1.3.14',
44 silly addNameRange     '1.3.15',
44 silly addNameRange     '1.3.17',
44 silly addNameRange     '1.3.18',
44 silly addNameRange     '1.3.19',
44 silly addNameRange     '1.4.0-rc2',
44 silly addNameRange     '1.3.20',
44 silly addNameRange     '1.4.0-rc3',
44 silly addNameRange     '1.3.21',
44 silly addNameRange     '1.3.22',
44 silly addNameRange     '1.3.23',
44 silly addNameRange     '1.4.0-rc4',
44 silly addNameRange     '1.4.0-rc5',
44 silly addNameRange     '1.4.0-rc6',
44 silly addNameRange     '1.4.0-rc7',
44 silly addNameRange     '1.4.0-rc8',
44 silly addNameRange     '1.4.0-rc9',
44 silly addNameRange     '1.4.0-rc10',
44 silly addNameRange     '1.4.0',
44 silly addNameRange     '1.4.1',
44 silly addNameRange     '1.4.2',
44 silly addNameRange     '1.4.3',
44 silly addNameRange     '1.4.4',
44 silly addNameRange     '1.4.5',
44 silly addNameRange     '1.4.6',
44 silly addNameRange     '1.4.7',
44 silly addNameRange     '1.4.8',
44 silly addNameRange     '1.4.9',
44 silly addNameRange     '1.4.10',
44 silly addNameRange     '2.0.0-alpha1',
44 silly addNameRange     '1.4.11',
44 silly addNameRange     '1.4.12',
44 silly addNameRange     '1.4.14',
44 silly addNameRange     '1.4.15',
44 silly addNameRange     '1.4.16',
44 silly addNameRange     '1.4.17',
44 silly addNameRange     '2.0.0-alpha2',
44 silly addNameRange     '1.4.18',
44 silly addNameRange     '2.0.0',
44 silly addNameRange     '2.0.1',
44 silly addNameRange     '2.0.2',
44 silly addNameRange     '1.4.19',
44 silly addNameRange     '2.0.3',
44 silly addNameRange     '2.0.4',
44 silly addNameRange     '2.0.5',
44 silly addNameRange     '2.0.6',
44 silly addNameRange     '1.4.20',
44 silly addNameRange     '1.4.22',
44 silly addNameRange     '2.0.7',
44 silly addNameRange     '2.0.8',
44 silly addNameRange     '2.0.9',
44 silly addNameRange     '1.4.23',
44 silly addNameRange     '2.0.10',
44 silly addNameRange     '1.4.24',
44 silly addNameRange     '2.0.11',
44 silly addNameRange     '1.4.25',
44 silly addNameRange     '2.0.12',
44 silly addNameRange     '1.4.26',
44 silly addNameRange     '1.4.27',
44 silly addNameRange     '1.4.28',
44 silly addNameRange     '2.0.13',
44 silly addNameRange     '2.0.14',
44 silly addNameRange     '1.4.29',
44 silly addNameRange     '2.0.15',
44 silly addNameRange     '1.4.30',
44 silly addNameRange     '2.0.16',
44 silly addNameRange     '1.4.31',
44 silly addNameRange     '2.0.17',
44 silly addNameRange     '1.4.32',
44 silly addNameRange     '2.0.18',
44 silly addNameRange     '2.0.19',
44 silly addNameRange     '1.4.33',
44 silly addNameRange     '2.0.20',
44 silly addNameRange     '2.0.21',
44 silly addNameRange     '1.4.34',
44 silly addNameRange     '2.0.22',
44 silly addNameRange     '2.0.23',
44 silly addNameRange     '1.4.35',
44 silly addNameRange     '2.0.24',
44 silly addNameRange     '2.0.25',
44 silly addNameRange     '2.0.26',
44 silly addNameRange     '2.0.27',
44 silly addNameRange     '2.0.28',
44 silly addNameRange     '2.0.29',
44 silly addNameRange     '1.4.36',
44 silly addNameRange     '2.0.30',
44 silly addNameRange     '1.4.37',
44 silly addNameRange     '2.0.31',
44 silly addNameRange     '1.4.38',
44 silly addNameRange     '2.0.32',
44 silly addNameRange     '2.0.33' ] ]
45 silly lockFile 4cab180a-mongodb-3-0 mongodb@3.0
46 silly lockFile 4cab180a-mongodb-3-0 mongodb@3.0
47 error notarget No compatible version found: mongodb@'>=3.0.0-0 <3.1.0-0'
47 error notarget Valid install targets:
47 error notarget ["0.9.4","0.9.4-4","0.9.3","0.9.1","0.9.2","0.9.6-7","0.9.6-8","0.9.6-9","0.9.6-10","0.9.6-11","0.9.6-12","0.9.6-13","0.9.6-14","0.9.6-15","0.9.6-16","0.9.6-17","0.9.6-18","0.9.6-19","0.9.6-20","0.9.6-21","0.9.6-22","0.9.6-23","0.9.7","0.9.7-0","0.9.7-1","0.9.7-1.1","0.9.7-1.2","0.9.7-1.3","0.9.7-1.4","0.9.7-2","0.9.7-2-1","0.9.7-2-2","0.9.7-2-3","0.9.7-2-4","0.9.7-2-5","0.9.7-3","0.9.7-3-1","0.9.7-3-2","0.9.7-3-3","0.9.7-3-4","0.9.7-3-5","0.9.8","0.9.8-1","0.9.8-2","0.9.8-3","0.9.8-4","0.9.8-5","0.9.8-6","0.9.8-7","0.9.9","0.9.9-1","0.9.9-2","0.9.9-3","0.9.9-4","0.9.9-5","0.9.9-6","0.9.9-7","0.9.9-8","1.0.0","1.0.1","1.0.2","1.1.0-beta","1.1.0","1.1.1","1.1.2","1.1.3","1.1.4","1.1.5","1.1.6","1.1.7","1.1.8","1.1.9","1.1.10","1.1.11","1.2.0","1.2.1","1.2.2","1.2.3","1.2.4","1.2.5","1.2.6","1.2.7","1.2.8","1.2.9","1.2.10","1.2.11","1.2.12","1.2.13","1.2.14","1.3.0","1.3.1","1.3.2","1.3.3","1.3.4","1.3.5","1.3.6","1.3.7","1.3.8","1.3.9","1.3.10","1.3.11","1.3.12","1.3.14","1.3.15","1.3.17","1.3.18","1.3.19","1.4.0-rc2","1.3.20","1.4.0-rc3","1.3.21","1.3.22","1.3.23","1.4.0-rc4","1.4.0-rc5","1.4.0-rc6","1.4.0-rc7","1.4.0-rc8","1.4.0-rc9","1.4.0-rc10","1.4.0","1.4.1","1.4.2","1.4.3","1.4.4","1.4.5","1.4.6","1.4.7","1.4.8","1.4.9","1.4.10","2.0.0-alpha1","1.4.11","1.4.12","1.4.14","1.4.15","1.4.16","1.4.17","2.0.0-alpha2","1.4.18","2.0.0","2.0.1","2.0.2","1.4.19","2.0.3","2.0.4","2.0.5","2.0.6","1.4.20","1.4.22","2.0.7","2.0.8","2.0.9","1.4.23","2.0.10","1.4.24","2.0.11","1.4.25","2.0.12","1.4.26","1.4.27","1.4.28","2.0.13","2.0.14","1.4.29","2.0.15","1.4.30","2.0.16","1.4.31","2.0.17","1.4.32","2.0.18","2.0.19","1.4.33","2.0.20","2.0.21","1.4.34","2.0.22","2.0.23","1.4.35","2.0.24","2.0.25","2.0.26","2.0.27","2.0.28","2.0.29","1.4.36","2.0.30","1.4.37","2.0.31","1.4.38","2.0.32","2.0.33"]
47 error notarget
47 error notarget This is most likely not a problem with npm itself.
47 error notarget In most cases you or one of your dependencies are requesting
47 error notarget a package version that doesn't exist.
48 error System Windows_NT 6.1.7601
49 error command "D:\\Program Files\\nodejs\\\\node.exe" "D:\\Program Files\\nodejs\\node_modules\\npm\\bin\\npm-cli.js" "install"
50 error cwd D:\Program Files\nodejs\microblog-master
51 error node -v v0.10.33
52 error npm -v 1.4.28
53 error code ETARGET
54 verbose exit [ 1, true ]
